2026-05-10 18:49:39 INFO: Pulling latest changes...
From https://github.com/Edwardsamaxl/knowledge-database
 * branch            main       -> FETCH_HEAD
Already up to date.
[main 7aee607] auto(learner): sync 2026-05-10 18:49:40
 Committer: Ubuntu <ubuntu@localhost.localdomain>
Your name and email address were configured automatically based
on your username and hostname. Please check that they are accurate.
You can suppress this message by setting them explicitly. Run the
following command and follow the instructions in your editor to edit
your configuration file:

    git config --global --edit

After doing this, you may fix the identity used for this commit with:

    git commit --amend --reset-author

 2 files changed, 4 insertions(+)
 create mode 100644 learner/sync.log
 mode change 100644 => 100755 learner/sync.sh
fatal: could not read Username for 'https://github.com': No such device or address
2026-05-10 18:49:40 ERROR: Push failed
2026-05-10 18:49:48 INFO: Pulling latest changes...
From https://github.com/Edwardsamaxl/knowledge-database
 * branch            main       -> FETCH_HEAD
Already up to date.
